# JRE version: Java(TM) SE Runtime Environment (8.0_181-b13) (build 1.8.0_181-b13)
# Java VM: Java HotSpot(TM) 64-Bit Server VM (25.181-b13 mixed mode windows-amd64 compressed oops)
Heap:
 PSYoungGen      total 75776K, used 44515K [0x000000076b800000, 0x0000000770c80000, 0x00000007c0000000)
  eden space 65024K, 63% used [0x000000076b800000,0x000000076e004c60,0x000000076f780000)
  from space 10752K, 32% used [0x0000000770200000,0x0000000770574050,0x0000000770c80000)
  to   space 10752K, 0% used [0x000000076f780000,0x000000076f780000,0x0000000770200000)
 ParOldGen       total 173568K, used 40K [0x00000006c2800000, 0x00000006cd180000, 0x000000076b800000)
  object space 173568K, 0% used [0x00000006c2800000,0x00000006c280a000,0x00000006cd180000)
 Metaspace       used 10159K, capacity 10448K, committed 10624K, reserved 1058816K
  class space    used 1009K, capacity 1145K, committed 1152K, reserved 1048576K
GC Heap History (4 events):
Event: 156.517 GC heap before
{Heap before GC invocations=1 (full 0):
 PSYoungGen      total 75776K, used 65024K [0x000000076b800000, 0x0000000770c80000, 0x00000007c0000000)
  eden space 65024K, 100% used [0x000000076b800000,0x000000076f780000,0x000000076f780000)
  from space 10752K, 0% used [0x0000000770200000,0x0000000770200000,0x0000000770c80000)
  to   space 10752K, 0% used [0x000000076f780000,0x000000076f780000,0x0000000770200000)
 ParOldGen       total 173568K, used 0K [0x00000006c2800000, 0x00000006cd180000, 0x000000076b800000)
  object space 173568K, 0% used [0x00000006c2800000,0x00000006c2800000,0x00000006cd180000)
 Metaspace       used 9752K, capacity 10032K, committed 10112K, reserved 1058816K
  class space    used 1008K, capacity 1113K, committed 1152K, reserved 1048576K
Event: 156.522 GC heap after
Heap after GC invocations=1 (full 0):
 PSYoungGen      total 75776K, used 4631K [0x000000076b800000, 0x0000000770c80000, 0x00000007c0000000)
  eden space 65024K, 0% used [0x000000076b800000,0x000000076b800000,0x000000076f780000)
  from space 10752K, 43% used [0x000000076f780000,0x000000076fc05c10,0x0000000770200000)
  to   space 10752K, 0% used [0x0000000770200000,0x0000000770200000,0x0000000770c80000)
 ParOldGen       total 173568K, used 24K [0x00000006c2800000, 0x00000006cd180000, 0x000000076b800000)
  object space 173568K, 0% used [0x00000006c2800000,0x00000006c2806000,0x00000006cd180000)
 Metaspace       used 9752K, capacity 10032K, committed 10112K, reserved 1058816K
  class space    used 1008K, capacity 1113K, committed 1152K, reserved 1048576K
}
Event: 902.718 GC heap before
{Heap before GC invocations=2 (full 0):
 PSYoungGen      total 75776K, used 69655K [0x000000076b800000, 0x0000000770c80000, 0x00000007c0000000)
  eden space 65024K, 100% used [0x000000076b800000,0x000000076f780000,0x000000076f780000)
  from space 10752K, 43% used [0x000000076f780000,0x000000076fc05c10,0x0000000770200000)
  to   space 10752K, 0% used [0x0000000770200000,0x0000000770200000,0x0000000770c80000)
 ParOldGen       total 173568K, used 24K [0x00000006c2800000, 0x00000006cd180000, 0x000000076b800000)
  object space 173568K, 0% used [0x00000006c2800000,0x00000006c2806000,0x00000006cd180000)
 Metaspace       used 10127K, capacity 10384K, committed 10624K, reserved 1058816K
  class space    used 1009K, capacity 1145K, committed 1152K, reserved 1048576K
Event: 902.722 GC heap after
Heap after GC invocations=2 (full 0):
 PSYoungGen      total 75776K, used 3536K [0x000000076b800000, 0x0000000770c80000, 0x00000007c0000000)
  eden space 65024K, 0% used [0x000000076b800000,0x000000076b800000,0x000000076f780000)
  from space 10752K, 32% used [0x0000000770200000,0x0000000770574050,0x0000000770c80000)
  to   space 10752K, 0% used [0x000000076f780000,0x000000076f780000,0x0000000770200000)
 ParOldGen       total 173568K, used 40K [0x00000006c2800000, 0x00000006cd180000, 0x000000076b800000)
  object space 173568K, 0% used [0x00000006c2800000,0x00000006c280a000,0x00000006cd180000)
 Metaspace       used 10127K, capacity 10384K, committed 10624K, reserved 1058816K
  class space    used 1009K, capacity 1145K, committed 1152K, reserved 1048576K
}

